生成启动时间为 2018/11/19 星期一 14:35:34。
     1>项目“H:\文档\Visual Studio 2010\Projects\TempProjOnBaySpec\TempProjOnBaySpec\TempProjOnBaySpec.vcxproj”在节点 2 上(build 个目标)。
     1>InitializeBuildStatus:
         正在创建“Debug\TempProjOnBaySpec.unsuccessfulbuild”，因为已指定“AlwaysCreate”。
       ClCompile:
         所有输出均为最新。
         F:\Program Files (x86)\Microsoft Visual Studio 10.0\VC\bin\CL.exe /c /ZI /nologo /W3 /WX- /Od /Oy- /D WIN32 /D _WINDOWS /D _DEBUG /D _MBCS /Gm /EHsc /RTC1 /MTd /GS /fp:precise /Zc:wchar_t /Zc:forScope /Yu"StdAfx.h" /Fp"Debug\TempProjOnBaySpec.pch" /Fo"Debug\\" /Fd"Debug\vc100.pdb" /Gd /TP /analyze- /errorReport:prompt TempProjOnBaySpecDlg.cpp
         TempProjOnBaySpecDlg.cpp
     1>h:\文档\visual studio 2010\projects\tempprojonbayspec\tempprojonbayspec\tempprojonbayspecdlg.cpp(305): warning C4996: 'sprintf': This function or variable may be unsafe. Consider using sprintf_s instead. To disable deprecation, use _CRT_SECURE_NO_WARNINGS. See online help for details.
                 f:\program files (x86)\microsoft visual studio 10.0\vc\include\stdio.h(371) : 参见“sprintf”的声明
     1>h:\文档\visual studio 2010\projects\tempprojonbayspec\tempprojonbayspec\tempprojonbayspecdlg.cpp(502): warning C4244: “=”: 从“double”转换到“DWORD”，可能丢失数据
     1>h:\文档\visual studio 2010\projects\tempprojonbayspec\tempprojonbayspec\tempprojonbayspecdlg.cpp(503): warning C4244: “=”: 从“double”转换到“DWORD”，可能丢失数据
       ResourceCompile:
         所有输出均为最新。
       ManifestResourceCompile:
         所有输出均为最新。
       Link:
         F:\Program Files (x86)\Microsoft Visual Studio 10.0\VC\bin\link.exe /ERRORREPORT:PROMPT /OUT:"H:\文档\Visual Studio 2010\Projects\TempProjOnBaySpec\Debug\TempProjOnBaySpec.exe" /INCREMENTAL /NOLOGO /MANIFEST /ManifestFile:"Debug\TempProjOnBaySpec.exe.intermediate.manifest" /MANIFESTUAC:"level='asInvoker' uiAccess='false'" /DEBUG /PDB:"H:\文档\Visual Studio 2010\Projects\TempProjOnBaySpec\Debug\TempProjOnBaySpec.pdb" /SUBSYSTEM:WINDOWS /TLBID:1 /DYNAMICBASE /NXCOMPAT /IMPLIB:"H:\文档\Visual Studio 2010\Projects\TempProjOnBaySpec\Debug\TempProjOnBaySpec.lib" /MACHINE:X86 Debug\TempProjOnBaySpec.res
         Debug\TempProjOnBaySpec.exe.embed.manifest.res
         Debug\stdafx.obj
         Debug\TempProjOnBaySpec.obj
         Debug\TempProjOnBaySpecDlg.obj
         Sense2020Dll.lib
       Manifest:
         C:\Program Files (x86)\Microsoft SDKs\Windows\v7.0A\bin\mt.exe /nologo /verbose /out:"Debug\TempProjOnBaySpec.exe.embed.manifest" /manifest Debug\TempProjOnBaySpec.exe.intermediate.manifest "F:\Program Files (x86)\Microsoft Visual Studio 10.0\VC\Include\Manifest\dpiaware.manifest"
         所有输出均为最新。
       LinkEmbedManifest:
         所有输出均为最新。
         TempProjOnBaySpec.vcxproj -> H:\文档\Visual Studio 2010\Projects\TempProjOnBaySpec\Debug\TempProjOnBaySpec.exe
       FinalizeBuildStatus:
         正在删除文件“Debug\TempProjOnBaySpec.unsuccessfulbuild”。
         正在对“Debug\TempProjOnBaySpec.lastbuildstate”执行 Touch 任务。
     1>已完成生成项目“H:\文档\Visual Studio 2010\Projects\TempProjOnBaySpec\TempProjOnBaySpec\TempProjOnBaySpec.vcxproj”(build 个目标)的操作。

生成成功。

已用时间 00:00:01.70
